c:\users\fzous\desktop\games\chess-game\chess-game\chess-game\debug\vc143.pdb
c:\users\fzous\desktop\games\chess-game\chess-game\chess-game\debug\vc143.idb
c:\users\fzous\desktop\games\chess-game\chess-game\chess-game\debug\rook.obj
c:\users\fzous\desktop\games\chess-game\chess-game\chess-game\debug\queen.obj
c:\users\fzous\desktop\games\chess-game\chess-game\chess-game\debug\positions.obj
c:\users\fzous\desktop\games\chess-game\chess-game\chess-game\debug\player.obj
c:\users\fzous\desktop\games\chess-game\chess-game\chess-game\debug\piece.obj
c:\users\fzous\desktop\games\chess-game\chess-game\chess-game\debug\pawn.obj
c:\users\fzous\desktop\games\chess-game\chess-game\chess-game\debug\knight.obj
c:\users\fzous\desktop\games\chess-game\chess-game\chess-game\debug\king.obj
c:\users\fzous\desktop\games\chess-game\chess-game\chess-game\debug\chess-game.obj
c:\users\fzous\desktop\games\chess-game\chess-game\chess-game\debug\board.obj
c:\users\fzous\desktop\games\chess-game\chess-game\chess-game\debug\bishop.obj
c:\users\fzous\desktop\games\chess-game\chess-game\chess-game\debug\mainframe.obj
c:\users\fzous\desktop\games\chess-game\chess-game\chess-game\debug\app.obj
c:\users\fzous\desktop\games\chess-game\chess-game\debug\chess-game.exe
c:\users\fzous\desktop\games\chess-game\chess-game\debug\chess-game.pdb
c:\users\fzous\desktop\games\chess-game\chess-game\chess-game\debug\chess-game.res
c:\users\fzous\desktop\games\chess-game\chess-game\chess-game\debug\chess-game.ilk
c:\users\fzous\desktop\games\chess-game\chess-game\chess-game\debug\chess-game.tlog\cl.command.1.tlog
c:\users\fzous\desktop\games\chess-game\chess-game\chess-game\debug\chess-game.tlog\cl.items.tlog
c:\users\fzous\desktop\games\chess-game\chess-game\chess-game\debug\chess-game.tlog\cl.read.1.tlog
c:\users\fzous\desktop\games\chess-game\chess-game\chess-game\debug\chess-game.tlog\cl.write.1.tlog
c:\users\fzous\desktop\games\chess-game\chess-game\chess-game\debug\chess-game.tlog\link.15908-cvtres.read.1.tlog
c:\users\fzous\desktop\games\chess-game\chess-game\chess-game\debug\chess-game.tlog\link.15908-cvtres.write.1.tlog
c:\users\fzous\desktop\games\chess-game\chess-game\chess-game\debug\chess-game.tlog\link.15908-rc.read.1.tlog
c:\users\fzous\desktop\games\chess-game\chess-game\chess-game\debug\chess-game.tlog\link.15908-rc.write.1.tlog
c:\users\fzous\desktop\games\chess-game\chess-game\chess-game\debug\chess-game.tlog\link.15908.read.1.tlog
c:\users\fzous\desktop\games\chess-game\chess-game\chess-game\debug\chess-game.tlog\link.15908.write.1.tlog
c:\users\fzous\desktop\games\chess-game\chess-game\chess-game\debug\chess-game.tlog\link.command.1.tlog
c:\users\fzous\desktop\games\chess-game\chess-game\chess-game\debug\chess-game.tlog\link.read.1.tlog
c:\users\fzous\desktop\games\chess-game\chess-game\chess-game\debug\chess-game.tlog\link.secondary.1.tlog
c:\users\fzous\desktop\games\chess-game\chess-game\chess-game\debug\chess-game.tlog\link.write.1.tlog
c:\users\fzous\desktop\games\chess-game\chess-game\chess-game\debug\chess-game.tlog\rc.command.1.tlog
c:\users\fzous\desktop\games\chess-game\chess-game\chess-game\debug\chess-game.tlog\rc.read.1.tlog
c:\users\fzous\desktop\games\chess-game\chess-game\chess-game\debug\chess-game.tlog\rc.write.1.tlog
