  App.cpp
  Board.cpp
C:\Users\fzous\Desktop\games\chess-game\chess-game\Board.cpp(4,10): warning C4067: unexpected tokens following preprocessor directive - expected a newline
C:\Users\fzous\Desktop\games\chess-game\chess-game\Board.cpp(5,10): warning C4067: unexpected tokens following preprocessor directive - expected a newline
C:\Users\fzous\Desktop\games\chess-game\chess-game\Board.cpp(6,10): warning C4067: unexpected tokens following preprocessor directive - expected a newline
C:\Users\fzous\Desktop\games\chess-game\chess-game\Board.cpp(7,10): warning C4067: unexpected tokens following preprocessor directive - expected a newline
C:\Users\fzous\Desktop\games\chess-game\chess-game\Board.cpp(8,10): warning C4067: unexpected tokens following preprocessor directive - expected a newline
C:\Users\fzous\Desktop\games\chess-game\chess-game\Board.cpp(10,10): warning C4067: unexpected tokens following preprocessor directive - expected a newline
C:\Users\fzous\Desktop\games\chess-game\chess-game\Board.cpp(11,10): warning C4067: unexpected tokens following preprocessor directive - expected a newline
  MainFrame.cpp
  Player.cpp
C:\Users\fzous\Desktop\games\chess-game\chess-game\Player.cpp(2,10): warning C4067: unexpected tokens following preprocessor directive - expected a newline
C:\Users\fzous\Desktop\games\chess-game\chess-game\Player.cpp(3,10): warning C4067: unexpected tokens following preprocessor directive - expected a newline
C:\Users\fzous\Desktop\games\chess-game\chess-game\Player.cpp(4,10): warning C4067: unexpected tokens following preprocessor directive - expected a newline
C:\Users\fzous\Desktop\games\chess-game\chess-game\Player.cpp(5,10): warning C4067: unexpected tokens following preprocessor directive - expected a newline
C:\Users\fzous\Desktop\games\chess-game\chess-game\Player.cpp(6,10): warning C4067: unexpected tokens following preprocessor directive - expected a newline
C:\Users\fzous\Desktop\games\chess-game\chess-game\Player.cpp(7,10): warning C4067: unexpected tokens following preprocessor directive - expected a newline
C:\Users\fzous\Desktop\games\chess-game\chess-game\Player.cpp(9,10): warning C4067: unexpected tokens following preprocessor directive - expected a newline
  Generating Code...
  chess-game.vcxproj -> C:\Users\fzous\Desktop\games\chess-game\chess-game\Debug\chess-game.exe
